2025/09/05 22:05:58 Database initialized successfully with sqlite
2025/09/05 22:05:58 Default categories already exist, skipping creation
2025/09/05 22:05:58 Default currencies already exist, skipping creation
[GIN-debug] [WARNING] Creating an Engine instance with the Logger and Recovery middleware already attached.

[GIN-debug] [WARNING] Running in "debug" mode. Switch to "release" mode in production.
 - using env:	export GIN_MODE=release
 - using code:	gin.SetMode(gin.ReleaseMode)

[GIN-debug] POST   /api/auth/register        --> main.main.registerHandler.func2 (4 handlers)
[GIN-debug] POST   /api/auth/login           --> main.main.loginHandler.func3 (4 handlers)
[GIN-debug] POST   /api/auth/logout          --> main.main.logoutHandler.func4 (4 handlers)
[GIN-debug] GET    /api/categories           --> main.main.getCategoriesHandler.func6 (5 handlers)
[GIN-debug] POST   /api/categories           --> main.main.createCategoryHandler.func7 (5 handlers)
[GIN-debug] GET    /api/expenses             --> main.main.getExpensesHandler.func8 (5 handlers)
[GIN-debug] POST   /api/expenses             --> main.main.createExpenseHandler.func9 (5 handlers)
[GIN-debug] DELETE /api/expenses/:id         --> main.main.deleteExpenseHandler.func10 (5 handlers)
[GIN-debug] GET    /api/incomes              --> main.main.getIncomesHandler.func11 (5 handlers)
[GIN-debug] POST   /api/incomes              --> main.main.createIncomeHandler.func12 (5 handlers)
[GIN-debug] DELETE /api/incomes/:id          --> main.main.deleteIncomeHandler.func13 (5 handlers)
[GIN-debug] GET    /api/currencies           --> main.main.getCurrenciesHandler.func15 (5 handlers)
[GIN-debug] POST   /api/currencies           --> main.main.createCurrencyHandler.func16 (5 handlers)
[GIN-debug] PUT    /api/currencies/:id       --> main.main.updateCurrencyHandler.func17 (5 handlers)
[GIN-debug] DELETE /api/currencies/:id       --> main.main.deleteCurrencyHandler.func18 (5 handlers)
[GIN-debug] GET    /api/budgets              --> main.main.getBudgetsHandler.func20 (5 handlers)
[GIN-debug] POST   /api/budgets              --> main.main.createBudgetHandler.func21 (5 handlers)
[GIN-debug] PUT    /api/budgets/:id          --> main.main.updateBudgetHandler.func22 (5 handlers)
[GIN-debug] DELETE /api/budgets/:id          --> main.main.deleteBudgetHandler.func23 (5 handlers)
[GIN-debug] GET    /api/recurring-transactions --> main.main.getRecurringTransactionsHandler.func24 (5 handlers)
[GIN-debug] POST   /api/recurring-transactions --> main.main.createRecurringTransactionHandler.func25 (5 handlers)
[GIN-debug] DELETE /api/recurring-transactions/:id --> main.main.deleteRecurringTransactionHandler.func26 (5 handlers)
[GIN-debug] GET    /api/analytics            --> main.main.getAnalyticsHandler.func27 (5 handlers)
[GIN-debug] GET    /api/preferences          --> main.main.getUserPreferencesHandler.func28 (5 handlers)
[GIN-debug] PUT    /api/preferences          --> main.main.updateUserPreferencesHandler.func29 (5 handlers)
[GIN-debug] GET    /api/notifications        --> main.main.getNotificationsHandler.func30 (5 handlers)
[GIN-debug] PUT    /api/notifications/:id/read --> main.main.markNotificationReadHandler.func31 (5 handlers)
[GIN-debug] DELETE /api/notifications/:id    --> main.main.deleteNotificationHandler.func32 (5 handlers)
[GIN-debug] GET    /health                   --> main.main.func1 (4 handlers)
2025/09/05 22:05:58 Server starting on :8080
[GIN-debug] [WARNING] You trusted all proxies, this is NOT safe. We recommend you to set a value.
Please check https://pkg.go.dev/github.com/gin-gonic/gin#readme-don-t-trust-all-proxies for details.
[GIN-debug] Listening and serving HTTP on :8080
[GIN] 2025/09/05 - 22:06:04 | 200 |     316.125µs |             ::1 | GET      "/health"
[GIN] 2025/09/05 - 22:07:01 | 200 |  103.155334ms |             ::1 | POST     "/api/auth/login"
[GIN] 2025/09/05 - 22:07:01 | 200 |     927.167µs |             ::1 | GET      "/api/expenses"
[GIN] 2025/09/05 - 22:07:01 | 200 |      2.9115ms |             ::1 | GET      "/api/incomes"
[GIN] 2025/09/05 - 22:07:01 | 200 |     4.19725ms |             ::1 | GET      "/api/currencies"
[GIN] 2025/09/05 - 22:07:01 | 200 |    4.629083ms |             ::1 | GET      "/api/categories"
[GIN] 2025/09/05 - 22:07:01 | 200 |     4.84025ms |             ::1 | GET      "/api/preferences"
[GIN] 2025/09/05 - 22:07:01 | 200 |    1.583166ms |             ::1 | GET      "/api/expenses"
[GIN] 2025/09/05 - 22:07:01 | 200 |    5.274333ms |             ::1 | GET      "/api/budgets"
[GIN] 2025/09/05 - 22:07:01 | 200 |    6.533125ms |             ::1 | GET      "/api/analytics?period=monthly"
[GIN] 2025/09/05 - 22:07:01 | 200 |     250.625µs |             ::1 | GET      "/api/incomes"
[GIN] 2025/09/05 - 22:07:01 | 200 |     206.625µs |             ::1 | GET      "/api/categories"
[GIN] 2025/09/05 - 22:07:01 | 200 |     375.583µs |             ::1 | GET      "/api/currencies"
[GIN] 2025/09/05 - 22:07:01 | 200 |    1.322125ms |             ::1 | GET      "/api/preferences"
[GIN] 2025/09/05 - 22:07:01 | 200 |     603.875µs |             ::1 | GET      "/api/analytics?period=monthly"
[GIN] 2025/09/05 - 22:07:01 | 200 |    1.661416ms |             ::1 | GET      "/api/budgets"
[GIN] 2025/09/05 - 22:07:01 | 200 |     167.166µs |             ::1 | GET      "/api/budgets"
[GIN] 2025/09/05 - 22:07:01 | 200 |     140.667µs |             ::1 | GET      "/api/budgets"
[GIN] 2025/09/05 - 22:07:13 | 200 |      818.25µs |             ::1 | PUT      "/api/budgets/2"
[GIN] 2025/09/05 - 22:07:18 | 200 |    2.022459ms |             ::1 | PUT      "/api/budgets/2"
[GIN] 2025/09/05 - 22:07:36 | 201 |    3.115708ms |             ::1 | POST     "/api/expenses"
[GIN] 2025/09/05 - 22:07:36 | 200 |     617.333µs |             ::1 | GET      "/api/analytics?period=monthly"
[GIN] 2025/09/05 - 22:08:00 | 201 |    1.881541ms |             ::1 | POST     "/api/expenses"
[GIN] 2025/09/05 - 22:08:00 | 200 |     513.834µs |             ::1 | GET      "/api/analytics?period=monthly"
[GIN] 2025/09/05 - 22:08:08 | 200 |         376µs |             ::1 | GET      "/api/preferences"
[GIN] 2025/09/05 - 22:08:08 | 200 |     985.875µs |             ::1 | GET      "/api/currencies"
[GIN] 2025/09/05 - 22:08:08 | 200 |     400.416µs |             ::1 | GET      "/api/incomes"
[GIN] 2025/09/05 - 22:08:08 | 200 |       1.745ms |             ::1 | GET      "/api/expenses"
[GIN] 2025/09/05 - 22:08:08 | 200 |     241.375µs |             ::1 | GET      "/api/preferences"
[GIN] 2025/09/05 - 22:08:08 | 200 |     162.459µs |             ::1 | GET      "/api/incomes"
[GIN] 2025/09/05 - 22:08:08 | 200 |     262.125µs |             ::1 | GET      "/api/currencies"
[GIN] 2025/09/05 - 22:08:08 | 200 |    3.508916ms |             ::1 | GET      "/api/categories"
[GIN] 2025/09/05 - 22:08:08 | 200 |     4.26325ms |             ::1 | GET      "/api/budgets"
[GIN] 2025/09/05 - 22:08:08 | 200 |     1.44275ms |             ::1 | GET      "/api/expenses"
[GIN] 2025/09/05 - 22:08:08 | 200 |    4.009333ms |             ::1 | GET      "/api/analytics?period=monthly"
[GIN] 2025/09/05 - 22:08:08 | 200 |     234.209µs |             ::1 | GET      "/api/budgets"
[GIN] 2025/09/05 - 22:08:08 | 200 |    1.100167ms |             ::1 | GET      "/api/categories"
[GIN] 2025/09/05 - 22:08:08 | 200 |    1.335708ms |             ::1 | GET      "/api/analytics?period=monthly"
[GIN] 2025/09/05 - 22:08:08 | 200 |     200.459µs |             ::1 | GET      "/api/budgets"
[GIN] 2025/09/05 - 22:08:08 | 200 |     330.292µs |             ::1 | GET      "/api/budgets"
[GIN] 2025/09/05 - 22:09:47 | 200 |    1.944584ms |             ::1 | PUT      "/api/budgets/2"
[GIN] 2025/09/05 - 22:09:49 | 200 |     539.167µs |             ::1 | GET      "/api/currencies"
[GIN] 2025/09/05 - 22:09:49 | 200 |     149.875µs |             ::1 | GET      "/api/preferences"
[GIN] 2025/09/05 - 22:09:49 | 200 |      1.2245ms |             ::1 | GET      "/api/budgets"
[GIN] 2025/09/05 - 22:09:49 | 200 |    1.611209ms |             ::1 | GET      "/api/incomes"
[GIN] 2025/09/05 - 22:09:49 | 200 |     502.833µs |             ::1 | GET      "/api/preferences"
[GIN] 2025/09/05 - 22:09:49 | 200 |     981.625µs |             ::1 | GET      "/api/analytics?period=monthly"
[GIN] 2025/09/05 - 22:09:49 | 200 |    2.733125ms |             ::1 | GET      "/api/categories"
[GIN] 2025/09/05 - 22:09:49 | 200 |     3.67725ms |             ::1 | GET      "/api/expenses"
[GIN] 2025/09/05 - 22:09:49 | 200 |       291.5µs |             ::1 | GET      "/api/incomes"
[GIN] 2025/09/05 - 22:09:49 | 200 |    1.545167ms |             ::1 | GET      "/api/budgets"
[GIN] 2025/09/05 - 22:09:49 | 200 |    2.298292ms |             ::1 | GET      "/api/currencies"
[GIN] 2025/09/05 - 22:09:49 | 200 |     581.375µs |             ::1 | GET      "/api/expenses"
[GIN] 2025/09/05 - 22:09:49 | 200 |    1.301875ms |             ::1 | GET      "/api/analytics?period=monthly"
[GIN] 2025/09/05 - 22:09:49 | 200 |    2.127333ms |             ::1 | GET      "/api/categories"
[GIN] 2025/09/05 - 22:09:49 | 200 |     536.708µs |             ::1 | GET      "/api/budgets"
[GIN] 2025/09/05 - 22:09:49 | 200 |     357.834µs |             ::1 | GET      "/api/budgets"
